<?xml version="1.0" encoding="UTF-8"?>
<testsuite xmlns:xsi="http://www.w3.org/2001/XMLSchema-instance" xsi:noNamespaceSchemaLocation="https://maven.apache.org/surefire/maven-surefire-plugin/xsd/surefire-test-report.xsd" name="com.yzx.dubbo.api2.DubboApi1ApplicationTests" time="1.454" tests="1" errors="0" skipped="0" failures="0">
  <properties>
    <property name="sun.desktop" value="windows"/>
    <property name="awt.toolkit" value="sun.awt.windows.WToolkit"/>
    <property name="file.encoding.pkg" value="sun.io"/>
    <property name="java.specification.version" value="1.8"/>
    <property name="sun.cpu.isalist" value="amd64"/>
    <property name="sun.jnu.encoding" value="GBK"/>
    <property name="java.class.path" value="D:\workFile\repository\git\dubbo-project2\dubbo-api2\target\test-classes;D:\workFile\repository\git\dubbo-project2\dubbo-api2\target\classes;D:\workFile\repository\maven\org\springframework\boot\spring-boot-starter-logging\2.2.4.RELEASE\spring-boot-starter-logging-2.2.4.RELEASE.jar;D:\workFile\repository\maven\ch\qos\logback\logback-classic\1.2.3\logback-classic-1.2.3.jar;D:\workFile\repository\maven\ch\qos\logback\logback-core\1.2.3\logback-core-1.2.3.jar;D:\workFile\repository\maven\org\apache\logging\log4j\log4j-to-slf4j\2.12.1\log4j-to-slf4j-2.12.1.jar;D:\workFile\repository\maven\org\apache\logging\log4j\log4j-api\2.12.1\log4j-api-2.12.1.jar;D:\workFile\repository\maven\org\slf4j\jul-to-slf4j\1.7.30\jul-to-slf4j-1.7.30.jar;D:\workFile\repository\maven\com\alibaba\boot\dubbo-spring-boot-starter\0.2.0\dubbo-spring-boot-starter-0.2.0.jar;D:\workFile\repository\maven\com\alibaba\dubbo\2.6.2\dubbo-2.6.2.jar;D:\workFile\repository\maven\org\springframework\spring-context\5.2.3.RELEASE\spring-context-5.2.3.RELEASE.jar;D:\workFile\repository\maven\org\springframework\spring-aop\5.2.3.RELEASE\spring-aop-5.2.3.RELEASE.jar;D:\workFile\repository\maven\org\springframework\spring-beans\5.2.3.RELEASE\spring-beans-5.2.3.RELEASE.jar;D:\workFile\repository\maven\org\springframework\spring-expression\5.2.3.RELEASE\spring-expression-5.2.3.RELEASE.jar;D:\workFile\repository\maven\org\javassist\javassist\3.20.0-GA\javassist-3.20.0-GA.jar;D:\workFile\repository\maven\org\jboss\netty\netty\3.2.5.Final\netty-3.2.5.Final.jar;D:\workFile\repository\maven\com\alibaba\boot\dubbo-spring-boot-autoconfigure\0.2.0\dubbo-spring-boot-autoconfigure-0.2.0.jar;D:\workFile\repository\maven\org\apache\curator\curator-framework\4.0.1\curator-framework-4.0.1.jar;D:\workFile\repository\maven\org\apache\curator\curator-client\4.0.1\curator-client-4.0.1.jar;D:\workFile\repository\maven\com\google\guava\guava\20.0\guava-20.0.jar;D:\workFile\repository\maven\org\apache\zookeeper\zookeeper\3.4.13\zookeeper-3.4.13.jar;D:\workFile\repository\maven\org\slf4j\slf4j-api\1.7.30\slf4j-api-1.7.30.jar;D:\workFile\repository\maven\org\slf4j\slf4j-log4j12\1.7.30\slf4j-log4j12-1.7.30.jar;D:\workFile\repository\maven\log4j\log4j\1.2.17\log4j-1.2.17.jar;D:\workFile\repository\maven\jline\jline\0.9.94\jline-0.9.94.jar;D:\workFile\repository\maven\org\apache\yetus\audience-annotations\0.5.0\audience-annotations-0.5.0.jar;D:\workFile\repository\maven\io\netty\netty\3.10.6.Final\netty-3.10.6.Final.jar;D:\workFile\repository\maven\org\springframework\boot\spring-boot-starter\2.2.4.RELEASE\spring-boot-starter-2.2.4.RELEASE.jar;D:\workFile\repository\maven\org\springframework\boot\spring-boot\2.2.4.RELEASE\spring-boot-2.2.4.RELEASE.jar;D:\workFile\repository\maven\org\springframework\boot\spring-boot-autoconfigure\2.2.4.RELEASE\spring-boot-autoconfigure-2.2.4.RELEASE.jar;D:\workFile\repository\maven\jakarta\annotation\jakarta.annotation-api\1.3.5\jakarta.annotation-api-1.3.5.jar;D:\workFile\repository\maven\org\springframework\spring-core\5.2.3.RELEASE\spring-core-5.2.3.RELEASE.jar;D:\workFile\repository\maven\org\springframework\spring-jcl\5.2.3.RELEASE\spring-jcl-5.2.3.RELEASE.jar;D:\workFile\repository\maven\org\yaml\snakeyaml\1.25\snakeyaml-1.25.jar;D:\workFile\repository\maven\org\springframework\boot\spring-boot-starter-test\2.2.4.RELEASE\spring-boot-starter-test-2.2.4.RELEASE.jar;D:\workFile\repository\maven\org\springframework\boot\spring-boot-test\2.2.4.RELEASE\spring-boot-test-2.2.4.RELEASE.jar;D:\workFile\repository\maven\org\springframework\boot\spring-boot-test-autoconfigure\2.2.4.RELEASE\spring-boot-test-autoconfigure-2.2.4.RELEASE.jar;D:\workFile\repository\maven\com\jayway\jsonpath\json-path\2.4.0\json-path-2.4.0.jar;D:\workFile\repository\maven\net\minidev\json-smart\2.3\json-smart-2.3.jar;D:\workFile\repository\maven\net\minidev\accessors-smart\1.2\accessors-smart-1.2.jar;D:\workFile\repository\maven\org\ow2\asm\asm\5.0.4\asm-5.0.4.jar;D:\workFile\repository\maven\jakarta\xml\bind\jakarta.xml.bind-api\2.3.2\jakarta.xml.bind-api-2.3.2.jar;D:\workFile\repository\maven\jakarta\activation\jakarta.activation-api\1.2.1\jakarta.activation-api-1.2.1.jar;D:\workFile\repository\maven\org\junit\jupiter\junit-jupiter\5.5.2\junit-jupiter-5.5.2.jar;D:\workFile\repository\maven\org\junit\jupiter\junit-jupiter-api\5.5.2\junit-jupiter-api-5.5.2.jar;D:\workFile\repository\maven\org\apiguardian\apiguardian-api\1.1.0\apiguardian-api-1.1.0.jar;D:\workFile\repository\maven\org\opentest4j\opentest4j\1.2.0\opentest4j-1.2.0.jar;D:\workFile\repository\maven\org\junit\platform\junit-platform-commons\1.5.2\junit-platform-commons-1.5.2.jar;D:\workFile\repository\maven\org\junit\jupiter\junit-jupiter-params\5.5.2\junit-jupiter-params-5.5.2.jar;D:\workFile\repository\maven\org\junit\jupiter\junit-jupiter-engine\5.5.2\junit-jupiter-engine-5.5.2.jar;D:\workFile\repository\maven\org\junit\platform\junit-platform-engine\1.5.2\junit-platform-engine-1.5.2.jar;D:\workFile\repository\maven\org\mockito\mockito-junit-jupiter\3.1.0\mockito-junit-jupiter-3.1.0.jar;D:\workFile\repository\maven\org\assertj\assertj-core\3.13.2\assertj-core-3.13.2.jar;D:\workFile\repository\maven\org\hamcrest\hamcrest\2.1\hamcrest-2.1.jar;D:\workFile\repository\maven\org\mockito\mockito-core\3.1.0\mockito-core-3.1.0.jar;D:\workFile\repository\maven\net\bytebuddy\byte-buddy\1.10.6\byte-buddy-1.10.6.jar;D:\workFile\repository\maven\net\bytebuddy\byte-buddy-agent\1.10.6\byte-buddy-agent-1.10.6.jar;D:\workFile\repository\maven\org\objenesis\objenesis\2.6\objenesis-2.6.jar;D:\workFile\repository\maven\org\skyscreamer\jsonassert\1.5.0\jsonassert-1.5.0.jar;D:\workFile\repository\maven\com\vaadin\external\google\android-json\0.0.20131108.vaadin1\android-json-0.0.20131108.vaadin1.jar;D:\workFile\repository\maven\org\springframework\spring-test\5.2.3.RELEASE\spring-test-5.2.3.RELEASE.jar;D:\workFile\repository\maven\org\xmlunit\xmlunit-core\2.6.3\xmlunit-core-2.6.3.jar;"/>
    <property name="java.vm.vendor" value="Oracle Corporation"/>
    <property name="sun.arch.data.model" value="64"/>
    <property name="user.variant" value=""/>
    <property name="java.vendor.url" value="http://java.oracle.com/"/>
    <property name="user.timezone" value="Asia/Shanghai"/>
    <property name="java.vm.specification.version" value="1.8"/>
    <property name="os.name" value="Windows 10"/>
    <property name="user.country" value="CN"/>
    <property name="sun.java.launcher" value="SUN_STANDARD"/>
    <property name="sun.boot.library.path" value="C:\Program Files\Java\jdk1.8.0_211\jre\bin"/>
    <property name="sun.java.command" value="C:\Users\YINZHI~1\AppData\Local\Temp\surefire7969532002937302017\surefirebooter5898276535866693013.jar C:\Users\yinzhixiong\AppData\Local\Temp\surefire7969532002937302017 2020-02-15T22-40-04_493-jvmRun1 surefire7625683571964173284tmp surefire_04026357295603534094tmp"/>
    <property name="surefire.test.class.path" value="D:\workFile\repository\git\dubbo-project2\dubbo-api2\target\test-classes;D:\workFile\repository\git\dubbo-project2\dubbo-api2\target\classes;D:\workFile\repository\maven\org\springframework\boot\spring-boot-starter-logging\2.2.4.RELEASE\spring-boot-starter-logging-2.2.4.RELEASE.jar;D:\workFile\repository\maven\ch\qos\logback\logback-classic\1.2.3\logback-classic-1.2.3.jar;D:\workFile\repository\maven\ch\qos\logback\logback-core\1.2.3\logback-core-1.2.3.jar;D:\workFile\repository\maven\org\apache\logging\log4j\log4j-to-slf4j\2.12.1\log4j-to-slf4j-2.12.1.jar;D:\workFile\repository\maven\org\apache\logging\log4j\log4j-api\2.12.1\log4j-api-2.12.1.jar;D:\workFile\repository\maven\org\slf4j\jul-to-slf4j\1.7.30\jul-to-slf4j-1.7.30.jar;D:\workFile\repository\maven\com\alibaba\boot\dubbo-spring-boot-starter\0.2.0\dubbo-spring-boot-starter-0.2.0.jar;D:\workFile\repository\maven\com\alibaba\dubbo\2.6.2\dubbo-2.6.2.jar;D:\workFile\repository\maven\org\springframework\spring-context\5.2.3.RELEASE\spring-context-5.2.3.RELEASE.jar;D:\workFile\repository\maven\org\springframework\spring-aop\5.2.3.RELEASE\spring-aop-5.2.3.RELEASE.jar;D:\workFile\repository\maven\org\springframework\spring-beans\5.2.3.RELEASE\spring-beans-5.2.3.RELEASE.jar;D:\workFile\repository\maven\org\springframework\spring-expression\5.2.3.RELEASE\spring-expression-5.2.3.RELEASE.jar;D:\workFile\repository\maven\org\javassist\javassist\3.20.0-GA\javassist-3.20.0-GA.jar;D:\workFile\repository\maven\org\jboss\netty\netty\3.2.5.Final\netty-3.2.5.Final.jar;D:\workFile\repository\maven\com\alibaba\boot\dubbo-spring-boot-autoconfigure\0.2.0\dubbo-spring-boot-autoconfigure-0.2.0.jar;D:\workFile\repository\maven\org\apache\curator\curator-framework\4.0.1\curator-framework-4.0.1.jar;D:\workFile\repository\maven\org\apache\curator\curator-client\4.0.1\curator-client-4.0.1.jar;D:\workFile\repository\maven\com\google\guava\guava\20.0\guava-20.0.jar;D:\workFile\repository\maven\org\apache\zookeeper\zookeeper\3.4.13\zookeeper-3.4.13.jar;D:\workFile\repository\maven\org\slf4j\slf4j-api\1.7.30\slf4j-api-1.7.30.jar;D:\workFile\repository\maven\org\slf4j\slf4j-log4j12\1.7.30\slf4j-log4j12-1.7.30.jar;D:\workFile\repository\maven\log4j\log4j\1.2.17\log4j-1.2.17.jar;D:\workFile\repository\maven\jline\jline\0.9.94\jline-0.9.94.jar;D:\workFile\repository\maven\org\apache\yetus\audience-annotations\0.5.0\audience-annotations-0.5.0.jar;D:\workFile\repository\maven\io\netty\netty\3.10.6.Final\netty-3.10.6.Final.jar;D:\workFile\repository\maven\org\springframework\boot\spring-boot-starter\2.2.4.RELEASE\spring-boot-starter-2.2.4.RELEASE.jar;D:\workFile\repository\maven\org\springframework\boot\spring-boot\2.2.4.RELEASE\spring-boot-2.2.4.RELEASE.jar;D:\workFile\repository\maven\org\springframework\boot\spring-boot-autoconfigure\2.2.4.RELEASE\spring-boot-autoconfigure-2.2.4.RELEASE.jar;D:\workFile\repository\maven\jakarta\annotation\jakarta.annotation-api\1.3.5\jakarta.annotation-api-1.3.5.jar;D:\workFile\repository\maven\org\springframework\spring-core\5.2.3.RELEASE\spring-core-5.2.3.RELEASE.jar;D:\workFile\repository\maven\org\springframework\spring-jcl\5.2.3.RELEASE\spring-jcl-5.2.3.RELEASE.jar;D:\workFile\repository\maven\org\yaml\snakeyaml\1.25\snakeyaml-1.25.jar;D:\workFile\repository\maven\org\springframework\boot\spring-boot-starter-test\2.2.4.RELEASE\spring-boot-starter-test-2.2.4.RELEASE.jar;D:\workFile\repository\maven\org\springframework\boot\spring-boot-test\2.2.4.RELEASE\spring-boot-test-2.2.4.RELEASE.jar;D:\workFile\repository\maven\org\springframework\boot\spring-boot-test-autoconfigure\2.2.4.RELEASE\spring-boot-test-autoconfigure-2.2.4.RELEASE.jar;D:\workFile\repository\maven\com\jayway\jsonpath\json-path\2.4.0\json-path-2.4.0.jar;D:\workFile\repository\maven\net\minidev\json-smart\2.3\json-smart-2.3.jar;D:\workFile\repository\maven\net\minidev\accessors-smart\1.2\accessors-smart-1.2.jar;D:\workFile\repository\maven\org\ow2\asm\asm\5.0.4\asm-5.0.4.jar;D:\workFile\repository\maven\jakarta\xml\bind\jakarta.xml.bind-api\2.3.2\jakarta.xml.bind-api-2.3.2.jar;D:\workFile\repository\maven\jakarta\activation\jakarta.activation-api\1.2.1\jakarta.activation-api-1.2.1.jar;D:\workFile\repository\maven\org\junit\jupiter\junit-jupiter\5.5.2\junit-jupiter-5.5.2.jar;D:\workFile\repository\maven\org\junit\jupiter\junit-jupiter-api\5.5.2\junit-jupiter-api-5.5.2.jar;D:\workFile\repository\maven\org\apiguardian\apiguardian-api\1.1.0\apiguardian-api-1.1.0.jar;D:\workFile\repository\maven\org\opentest4j\opentest4j\1.2.0\opentest4j-1.2.0.jar;D:\workFile\repository\maven\org\junit\platform\junit-platform-commons\1.5.2\junit-platform-commons-1.5.2.jar;D:\workFile\repository\maven\org\junit\jupiter\junit-jupiter-params\5.5.2\junit-jupiter-params-5.5.2.jar;D:\workFile\repository\maven\org\junit\jupiter\junit-jupiter-engine\5.5.2\junit-jupiter-engine-5.5.2.jar;D:\workFile\repository\maven\org\junit\platform\junit-platform-engine\1.5.2\junit-platform-engine-1.5.2.jar;D:\workFile\repository\maven\org\mockito\mockito-junit-jupiter\3.1.0\mockito-junit-jupiter-3.1.0.jar;D:\workFile\repository\maven\org\assertj\assertj-core\3.13.2\assertj-core-3.13.2.jar;D:\workFile\repository\maven\org\hamcrest\hamcrest\2.1\hamcrest-2.1.jar;D:\workFile\repository\maven\org\mockito\mockito-core\3.1.0\mockito-core-3.1.0.jar;D:\workFile\repository\maven\net\bytebuddy\byte-buddy\1.10.6\byte-buddy-1.10.6.jar;D:\workFile\repository\maven\net\bytebuddy\byte-buddy-agent\1.10.6\byte-buddy-agent-1.10.6.jar;D:\workFile\repository\maven\org\objenesis\objenesis\2.6\objenesis-2.6.jar;D:\workFile\repository\maven\org\skyscreamer\jsonassert\1.5.0\jsonassert-1.5.0.jar;D:\workFile\repository\maven\com\vaadin\external\google\android-json\0.0.20131108.vaadin1\android-json-0.0.20131108.vaadin1.jar;D:\workFile\repository\maven\org\springframework\spring-test\5.2.3.RELEASE\spring-test-5.2.3.RELEASE.jar;D:\workFile\repository\maven\org\xmlunit\xmlunit-core\2.6.3\xmlunit-core-2.6.3.jar;"/>
    <property name="sun.cpu.endian" value="little"/>
    <property name="user.home" value="C:\Users\yinzhixiong"/>
    <property name="user.language" value="zh"/>
    <property name="java.specification.vendor" value="Oracle Corporation"/>
    <property name="java.home" value="C:\Program Files\Java\jdk1.8.0_211\jre"/>
    <property name="basedir" value="D:\workFile\repository\git\dubbo-project2\dubbo-api2"/>
    <property name="file.separator" value="\"/>
    <property name="line.separator" value="&#10;"/>
    <property name="idea.version2019.2.4" value="true"/>
    <property name="java.vm.specification.vendor" value="Oracle Corporation"/>
    <property name="java.specification.name" value="Java Platform API Specification"/>
    <property name="java.awt.graphicsenv" value="sun.awt.Win32GraphicsEnvironment"/>
    <property name="surefire.real.class.path" value="C:\Users\YINZHI~1\AppData\Local\Temp\surefire7969532002937302017\surefirebooter5898276535866693013.jar"/>
    <property name="sun.boot.class.path" value="C:\Program Files\Java\jdk1.8.0_211\jre\lib\resources.jar;C:\Program Files\Java\jdk1.8.0_211\jre\lib\rt.jar;C:\Program Files\Java\jdk1.8.0_211\jre\lib\sunrsasign.jar;C:\Program Files\Java\jdk1.8.0_211\jre\lib\jsse.jar;C:\Program Files\Java\jdk1.8.0_211\jre\lib\jce.jar;C:\Program Files\Java\jdk1.8.0_211\jre\lib\charsets.jar;C:\Program Files\Java\jdk1.8.0_211\jre\lib\jfr.jar;C:\Program Files\Java\jdk1.8.0_211\jre\classes"/>
    <property name="user.script" value=""/>
    <property name="sun.management.compiler" value="HotSpot 64-Bit Tiered Compilers"/>
    <property name="java.runtime.version" value="1.8.0_211-b12"/>
    <property name="user.name" value="yinzhixiong"/>
    <property name="path.separator" value=";"/>
    <property name="os.version" value="10.0"/>
    <property name="java.endorsed.dirs" value="C:\Program Files\Java\jdk1.8.0_211\jre\lib\endorsed"/>
    <property name="java.runtime.name" value="Java(TM) SE Runtime Environment"/>
    <property name="file.encoding" value="GBK"/>
    <property name="java.vm.name" value="Java HotSpot(TM) 64-Bit Server VM"/>
    <property name="localRepository" value="D:\workFile\repository\maven"/>
    <property name="java.vendor.url.bug" value="http://bugreport.sun.com/bugreport/"/>
    <property name="java.io.tmpdir" value="C:\Users\YINZHI~1\AppData\Local\Temp\"/>
    <property name="java.version" value="1.8.0_211"/>
    <property name="user.dir" value="D:\workFile\repository\git\dubbo-project2\dubbo-api2"/>
    <property name="os.arch" value="amd64"/>
    <property name="java.vm.specification.name" value="Java Virtual Machine Specification"/>
    <property name="java.awt.printerjob" value="sun.awt.windows.WPrinterJob"/>
    <property name="sun.os.patch.level" value=""/>
    <property name="java.library.path" value="C:\Program Files\Java\jdk1.8.0_211\jre\bin;C:\Windows\Sun\Java\bin;C:\Windows\system32;C:\Windows;C:\Windows\system32;C:\Windows;C:\Windows\System32\Wbem;C:\Windows\System32\WindowsPowerShell\v1.0\;C:\Program Files\IDM Computer Solutions\UltraEdit;D:\softFile\developer\nodejs\;D:\softFile\developer\erlang\erl10.0.1\bin;D:\softFile\developer\rabbitmq\rabbitmq_server-3.7.8\sbin;D:\softFile\developer\zookeeper\apache-zookeeper-3.5.6-bin\bin;D:\softFile\developer\maven\apache-maven-3.6.2\bin;C:\Users\yinzhixiong\AppData\Local\Microsoft\WindowsApps;C:\Users\yinzhixiong\AppData\Local\GitHubDesktop\bin;D:\softFile\developer\IDEA\IntelliJ IDEA 2019.2.4\bin;;C:\Users\yinzhixiong\AppData\Roaming\npm;."/>
    <property name="java.vm.info" value="mixed mode"/>
    <property name="java.vendor" value="Oracle Corporation"/>
    <property name="java.vm.version" value="25.211-b12"/>
    <property name="java.ext.dirs" value="C:\Program Files\Java\jdk1.8.0_211\jre\lib\ext;C:\Windows\Sun\Java\lib\ext"/>
    <property name="sun.io.unicode.encoding" value="UnicodeLittle"/>
    <property name="maven.repo.local" value="D:\workFile\repository\maven"/>
    <property name="java.class.version" value="52.0"/>
  </properties>
  <testcase name="contextLoads" classname="com.yzx.dubbo.api2.DubboApi1ApplicationTests" time="0.209"/>
</testsuite>